    ITER          TIME      CPUDT          DT      CFL     DNUM         DIV              MOM              TKE
       0             0     0.0009   1.000E+01   0.1333   0.0194   0.000E+00   2.00000000E+00   2.00000000E+00
      50           500    28.4641   1.000E+01   0.1521   0.0151   4.888E-18   1.99508996E+00   1.99051071E+00
     100          1000    29.3778   1.000E+01   0.1660   0.0159   5.262E-18   1.99087770E+00   1.98276112E+00
     150          1500    33.7415   1.000E+01   0.1773   0.0194   5.151E-18   1.98719280E+00   1.97630651E+00
     200          2000    34.7083   1.000E+01   0.1830   0.0193   5.040E-18   1.98383841E+00   1.96998465E+00
     250          2500    36.4948   1.000E+01   0.1804   0.0182   5.288E-18   1.98068190E+00   1.96299448E+00
     300          3000    14.4453   1.000E+01   0.1783   0.0166   5.043E-18   1.97773332E+00   1.95585376E+00
     350          3500    12.1435   1.000E+01   0.1650   0.0152   4.747E-18   1.97506602E+00   1.94922285E+00
     400          4000    13.2128   1.000E+01   0.1593   0.0146   4.908E-18   1.97181258E+00   1.94190479E+00
     450          4500    13.4295   1.000E+01   0.1567   0.0159   4.863E-18   1.96788422E+00   1.93387889E+00
     500          5000    13.6200   1.000E+01   0.1525   0.0176   4.679E-18   1.96400695E+00   1.92631170E+00
     550          5500    13.6177   1.000E+01   0.1609   0.0195   5.028E-18   1.96033034E+00   1.91940779E+00
     600          6000    13.4964   1.000E+01   0.1665   0.0223   4.924E-18   1.95684076E+00   1.91332725E+00
     650          6500    13.6296   1.000E+01   0.1886   0.0308   5.101E-18   1.95334495E+00   1.90832140E+00
     700          7000    14.2095   1.000E+01   0.1986   0.0364   5.029E-18   1.94946907E+00   1.90342344E+00
     750          7500    14.0432   1.000E+01   0.2076   0.0345   4.850E-18   1.94511801E+00   1.89541021E+00
     800          8000    13.4799   1.000E+01   0.1951   0.0368   5.020E-18   1.94075859E+00   1.88514095E+00
     850          8500    14.1136   1.000E+01   0.1912   0.0394   5.030E-18   1.93682640E+00   1.87695729E+00
     900          9000    13.9922   1.000E+01   0.2051   0.0396   4.810E-18   1.93339866E+00   1.87174425E+00
     950          9500    14.4015   1.000E+01   0.2112   0.0421   6.046E-18   1.93032110E+00   1.86728406E+00
    1000         10000    14.5854   1.000E+01   0.2187   0.0496   6.241E-18   1.92743414E+00   1.86187833E+00
    1050         10500    13.4698   1.000E+01   0.2188   0.0486   5.607E-18   1.92470535E+00   1.85613055E+00
    1080         10800     8.6468   1.000E+01   0.2387   0.0503   5.676E-18   1.92312770E+00   1.85306555E+00
    ITER          TIME      CPUDT          DT      CFL     DNUM         DIV              MOM              TKE
    1100         11000    12.2513   1.000E+01   0.2243   0.0525   5.606E-18   1.92208807E+00   1.85133512E+00
    1150         11500    30.1339   1.000E+01   0.2433   0.0566   6.857E-18   1.91949410E+00   1.84811254E+00
    1200         12000    35.4864   1.000E+01   0.2550   0.0584   7.348E-18   1.91682359E+00   1.84570454E+00
    1250         12500    30.7127   1.000E+01   0.2512   0.0606   7.568E-18   1.91405227E+00   1.84180867E+00
    1300         13000    32.7149   1.000E+01   0.2773   0.0633   8.097E-18   1.91137636E+00   1.83628273E+00
    1350         13500    26.3922   1.000E+01   0.2717   0.0733   9.611E-18   1.90891667E+00   1.83397981E+00
    1400         14000    13.3068   1.000E+01   0.3207   0.0660   9.148E-18   1.90658036E+00   1.83351514E+00
    1450         14500    13.5586   1.000E+01   0.3127   0.0733   1.119E-17   1.90441047E+00   1.83049083E+00
    1500         15000    14.7449   1.000E+01   0.3465   0.0801   1.239E-17   1.90246488E+00   1.82926346E+00
    1550         15500    13.7934   1.000E+01   0.3252   0.0817   1.226E-17   1.90079367E+00   1.83023188E+00
    1600         16000    13.1828   1.000E+01   0.3434   0.0760   1.339E-17   1.89942645E+00   1.82939710E+00
    1650         16500    13.2184   1.000E+01   0.3413   0.0938   1.521E-17   1.89831961E+00   1.83369898E+00
    1700         17000    13.2681   1.000E+01   0.3659   0.0833   1.512E-17   1.89741456E+00   1.83757780E+00
    1750         17500    13.2346   1.000E+01   0.3669   0.0843   1.842E-17   1.89722549E+00   1.83970864E+00
    1800         18000    13.1649   1.000E+01   0.3937   0.0884   1.840E-17   1.89729173E+00   1.84739652E+00
    1850         18500    13.5626   1.000E+01   0.4257   0.0908   2.171E-17   1.89748173E+00   1.85639298E+00
    1900         19000    13.2563   1.000E+01   0.4347   0.0941   2.192E-17   1.89833675E+00   1.86621106E+00
    1950         19500    13.0562   1.000E+01   0.4507   0.0940   2.168E-17   1.90002856E+00   1.87701653E+00
    2000         20000    13.3759   1.000E+01   0.4059   0.1013   2.587E-17   1.90164184E+00   1.89401652E+00
    2050         20500    13.7837   1.000E+01   0.4115   0.1053   2.560E-17   1.90313805E+00   1.88915319E+00
    2100         21000    12.9898   1.000E+01   0.4636   0.1084   3.016E-17   1.90447606E+00   1.90673893E+00
    2150         21500    13.4526   1.000E+01   0.4914   0.1112   3.338E-17   1.90614932E+00   1.92377454E+00
    2160         21600     2.5983   1.000E+01   0.5142   0.1165   2.483E-17   1.90662473E+00   1.93001776E+00
    ITER          TIME      CPUDT          DT      CFL     DNUM         DIV              MOM              TKE
    2200         21640    12.3476   1.000E+00   0.0499   0.0117   9.307E-18   1.90682356E+00   1.93213031E+00
    ITER          TIME      CPUDT          DT      CFL     DNUM         DIV              MOM              TKE
    ITER          TIME      CPUDT          DT      CFL     DNUM         DIV              MOM              TKE
    2200         21640    11.1126   1.000E+00   0.0499   0.0117   9.307E-18   1.90682356E+00   1.93213031E+00
    2250         21690    15.1457   1.000E+00   0.0496   0.0111   1.068E-17   1.90707540E+00   1.93413135E+00
    2300         21740    15.7286   1.000E+00   0.0465   0.0111   8.275E-18   1.90732822E+00   1.93535736E+00
    2350         21790    17.0589   1.000E+00   0.0465   0.0111   9.205E-18   1.90758028E+00   1.93585187E+00
    2400         21840    13.3531   1.000E+00   0.0444   0.0116   8.817E-18   1.90783143E+00   1.93586306E+00
    2450         21890    13.3483   1.000E+00   0.0446   0.0110   9.180E-18   1.90808256E+00   1.93567508E+00
    2500         21940    14.3184   1.000E+00   0.0446   0.0107   1.033E-17   1.90833461E+00   1.93550053E+00
    ITER          TIME      CPUDT          DT      CFL     DNUM         DIV              MOM              TKE
    ITER          TIME      CPUDT          DT      CFL     DNUM         DIV              MOM              TKE
       0             0     0.0010   1.000E+01   0.1333   0.0194   0.000E+00   2.00000000E+00   2.00000000E+00
      50           500    21.8074   1.000E+01   0.1521   0.0151   4.888E-18   1.99508996E+00   1.99051071E+00
     100          1000    12.0294   1.000E+01   0.1660   0.0159   5.262E-18   1.99087770E+00   1.98276112E+00
     150          1500    11.9804   1.000E+01   0.1773   0.0194   5.151E-18   1.98719280E+00   1.97630651E+00
     200          2000    12.1923   1.000E+01   0.1830   0.0193   5.040E-18   1.98383841E+00   1.96998465E+00
     250          2500    12.4313   1.000E+01   0.1804   0.0182   5.288E-18   1.98068190E+00   1.96299448E+00
     300          3000    11.8766   1.000E+01   0.1783   0.0166   5.043E-18   1.97773332E+00   1.95585376E+00
     350          3500    13.1508   1.000E+01   0.1650   0.0152   4.747E-18   1.97506602E+00   1.94922285E+00
    ITER          TIME      CPUDT          DT      CFL     DNUM         DIV              MOM              TKE
       0             0     0.0023   1.000E+01   0.1333   0.0194   0.000E+00   2.00000000E+00   2.00000000E+00
      50           500    19.2146   1.000E+01   0.1521   0.0151   4.888E-18   1.99508996E+00   1.99051071E+00
     100          1000    13.5842   1.000E+01   0.1660   0.0159   5.262E-18   1.99087770E+00   1.98276112E+00
     150          1500    12.4487   1.000E+01   0.1773   0.0194   5.151E-18   1.98719280E+00   1.97630651E+00
     200          2000    12.4844   1.000E+01   0.1830   0.0193   5.040E-18   1.98383841E+00   1.96998465E+00
     250          2500    18.8259   1.000E+01   0.1804   0.0182   5.288E-18   1.98068190E+00   1.96299448E+00
     300          3000    12.5476   1.000E+01   0.1783   0.0166   5.043E-18   1.97773332E+00   1.95585376E+00
     350          3500    15.4791   1.000E+01   0.1650   0.0152   4.747E-18   1.97506602E+00   1.94922285E+00
     400          4000    14.2996   1.000E+01   0.1593   0.0146   4.908E-18   1.97181258E+00   1.94190479E+00
     450          4500    15.1232   1.000E+01   0.1567   0.0159   4.863E-18   1.96788422E+00   1.93387889E+00
     500          5000    15.0558   1.000E+01   0.1525   0.0176   4.679E-18   1.96400695E+00   1.92631170E+00
     550          5500    18.4232   1.000E+01   0.1609   0.0195   5.028E-18   1.96033034E+00   1.91940779E+00
     600          6000    18.0326   1.000E+01   0.1665   0.0223   4.924E-18   1.95684076E+00   1.91332725E+00
     650          6500    16.1270   1.000E+01   0.1886   0.0308   5.101E-18   1.95334495E+00   1.90832140E+00
     700          7000    15.7585   1.000E+01   0.1986   0.0364   5.029E-18   1.94946907E+00   1.90342344E+00
     750          7500    14.7401   1.000E+01   0.2076   0.0345   4.850E-18   1.94511801E+00   1.89541021E+00
     800          8000    15.4639   1.000E+01   0.1951   0.0368   5.020E-18   1.94075859E+00   1.88514095E+00
     850          8500    14.9735   1.000E+01   0.1912   0.0394   5.030E-18   1.93682640E+00   1.87695729E+00
     900          9000    14.8418   1.000E+01   0.2051   0.0396   4.810E-18   1.93339866E+00   1.87174425E+00
     950          9500    15.4025   1.000E+01   0.2112   0.0421   6.046E-18   1.93032110E+00   1.86728406E+00
    1000         10000    15.9596   1.000E+01   0.2187   0.0496   6.241E-18   1.92743414E+00   1.86187833E+00
    1050         10500    14.7171   1.000E+01   0.2188   0.0486   5.607E-18   1.92470535E+00   1.85613055E+00
    1080         10800     9.5408   1.000E+01   0.2387   0.0503   5.676E-18   1.92312770E+00   1.85306555E+00
    ITER          TIME      CPUDT          DT      CFL     DNUM         DIV              MOM              TKE
    1100         11000    14.5612   1.000E+01   0.2243   0.0525   5.606E-18   1.92208807E+00   1.85133512E+00
    1150         11500    20.5546   1.000E+01   0.2433   0.0566   6.857E-18   1.91949410E+00   1.84811254E+00
    1200         12000    19.8437   1.000E+01   0.2550   0.0584   7.348E-18   1.91682359E+00   1.84570454E+00
    1250         12500    15.7153   1.000E+01   0.2512   0.0606   7.568E-18   1.91405227E+00   1.84180867E+00
    1300         13000    18.4791   1.000E+01   0.2773   0.0633   8.097E-18   1.91137636E+00   1.83628273E+00
    1350         13500    16.8136   1.000E+01   0.2717   0.0733   9.611E-18   1.90891667E+00   1.83397981E+00
    1400         14000    16.8025   1.000E+01   0.3207   0.0660   9.148E-18   1.90658036E+00   1.83351514E+00
    1450         14500    17.4004   1.000E+01   0.3127   0.0733   1.119E-17   1.90441047E+00   1.83049083E+00
    1500         15000    20.9913   1.000E+01   0.3465   0.0801   1.239E-17   1.90246488E+00   1.82926346E+00
    1550         15500    20.2372   1.000E+01   0.3252   0.0817   1.226E-17   1.90079367E+00   1.83023188E+00
    1600         16000    18.1834   1.000E+01   0.3434   0.0760   1.339E-17   1.89942645E+00   1.82939710E+00
    1650         16500    17.6748   1.000E+01   0.3413   0.0938   1.521E-17   1.89831961E+00   1.83369898E+00
    1700         17000    16.9351   1.000E+01   0.3659   0.0833   1.512E-17   1.89741456E+00   1.83757780E+00
    1750         17500    15.3534   1.000E+01   0.3669   0.0843   1.842E-17   1.89722549E+00   1.83970864E+00
    1800         18000    15.9315   1.000E+01   0.3937   0.0884   1.840E-17   1.89729173E+00   1.84739652E+00
    1850         18500    17.1762   1.000E+01   0.4257   0.0908   2.171E-17   1.89748173E+00   1.85639298E+00
    1900         19000    16.2545   1.000E+01   0.4347   0.0941   2.192E-17   1.89833675E+00   1.86621106E+00
    1950         19500    15.6345   1.000E+01   0.4507   0.0940   2.168E-17   1.90002856E+00   1.87701653E+00
    2000         20000    16.1424   1.000E+01   0.4059   0.1013   2.587E-17   1.90164184E+00   1.89401652E+00
    2050         20500    16.7838   1.000E+01   0.4115   0.1053   2.560E-17   1.90313805E+00   1.88915319E+00
    2100         21000    16.1846   1.000E+01   0.4636   0.1084   3.016E-17   1.90447606E+00   1.90673893E+00
    2150         21500    17.4998   1.000E+01   0.4914   0.1112   3.338E-17   1.90614932E+00   1.92377454E+00
    2160         21600     3.4456   1.000E+01   0.5142   0.1165   2.483E-17   1.90662473E+00   1.93001776E+00
    ITER          TIME      CPUDT          DT      CFL     DNUM         DIV              MOM              TKE
    2200         21640     9.8955   1.000E+00   0.0499   0.0117   9.307E-18   1.90682356E+00   1.93213031E+00
    2250         21690    12.2053   1.000E+00   0.0496   0.0111   1.068E-17   1.90707540E+00   1.93413135E+00
    2300         21740    11.9021   1.000E+00   0.0465   0.0111   8.275E-18   1.90732822E+00   1.93535736E+00
    2350         21790    12.3947   1.000E+00   0.0465   0.0111   9.205E-18   1.90758028E+00   1.93585187E+00
    2400         21840    13.6646   1.000E+00   0.0444   0.0116   8.817E-18   1.90783143E+00   1.93586306E+00
    2450         21890    12.1091   1.000E+00   0.0446   0.0110   9.180E-18   1.90808256E+00   1.93567508E+00
    2500         21940    12.4619   1.000E+00   0.0446   0.0107   1.033E-17   1.90833461E+00   1.93550053E+00
    2550         21990    14.5686   1.000E+00   0.0439   0.0102   9.050E-18   1.90858757E+00   1.93547934E+00
    2600         22040    13.2032   1.000E+00   0.0447   0.0116   9.295E-18   1.90884004E+00   1.93570433E+00
    2650         22090    16.7623   1.000E+00   0.0436   0.0109   9.381E-18   1.90908972E+00   1.93620899E+00
    2700         22140    13.5546   1.000E+00   0.0442   0.0113   1.014E-17   1.90933413E+00   1.93692052E+00
    2750         22190    12.9939   1.000E+00   0.0454   0.0104   9.954E-18   1.90957184E+00   1.93765918E+00
    2800         22240    13.4886   1.000E+00   0.0457   0.0104   1.083E-17   1.90980273E+00   1.93832147E+00
    2850         22290    12.3592   1.000E+00   0.0470   0.0105   9.283E-18   1.91002807E+00   1.93882788E+00
    2900         22340    13.9002   1.000E+00   0.0479   0.0108   9.289E-18   1.91024934E+00   1.93924368E+00
    2950         22390    14.1937   1.000E+00   0.0492   0.0108   1.110E-17   1.91046783E+00   1.93969682E+00
    3000         22440    15.0955   1.000E+00   0.0483   0.0111   1.060E-17   1.91068399E+00   1.94025755E+00
    3050         22490    13.4012   1.000E+00   0.0497   0.0113   9.755E-18   1.91089746E+00   1.94090239E+00
    3100         22540    14.3250   1.000E+00   0.0489   0.0114   9.982E-18   1.91110789E+00   1.94153245E+00
    3150         22590    18.7277   1.000E+00   0.0485   0.0112   9.055E-18   1.91131583E+00   1.94214462E+00
    3200         22640    13.6093   1.000E+00   0.0482   0.0103   8.602E-18   1.91152325E+00   1.94267723E+00
    3250         22690    13.0035   1.000E+00   0.0466   0.0103   9.235E-18   1.91173353E+00   1.94309905E+00
    3300         22740    13.1834   1.000E+00   0.0477   0.0103   1.105E-17   1.91195100E+00   1.94333545E+00
    3350         22790    16.7578   1.000E+00   0.0449   0.0103   1.041E-17   1.91217955E+00   1.94339760E+00
    3400         22840    13.6567   1.000E+00   0.0458   0.0101   7.916E-18   1.91242221E+00   1.94331333E+00
    3450         22890    14.5205   1.000E+00   0.0459   0.0105   8.755E-18   1.91268076E+00   1.94322481E+00
    3500         22940    13.9866   1.000E+00   0.0467   0.0107   8.476E-18   1.91295560E+00   1.94319723E+00
    3550         22990    12.8786   1.000E+00   0.0471   0.0103   9.577E-18   1.91324596E+00   1.94335444E+00
    3600         23040    13.1993   1.000E+00   0.0462   0.0106   9.515E-18   1.91355013E+00   1.94375068E+00
    3650         23090    13.7278   1.000E+00   0.0471   0.0112   8.872E-18   1.91386631E+00   1.94451406E+00
    3700         23140    14.0082   1.000E+00   0.0481   0.0116   8.502E-18   1.91419297E+00   1.94577310E+00
    3750         23190    14.2347   1.000E+00   0.0464   0.0118   9.073E-18   1.91452959E+00   1.94773018E+00
    3800         23240    14.6866   1.000E+00   0.0479   0.0128   1.063E-17   1.91487627E+00   1.95048187E+00
    3850         23290    14.5929   1.000E+00   0.0487   0.0128   1.052E-17   1.91523363E+00   1.95399327E+00
    3900         23340    12.6785   1.000E+00   0.0484   0.0111   8.298E-18   1.91560142E+00   1.95801771E+00
    3950         23390    13.0825   1.000E+00   0.0485   0.0108   1.006E-17   1.91597847E+00   1.96228443E+00
    4000         23440    13.8818   1.000E+00   0.0484   0.0115   9.897E-18   1.91636186E+00   1.96643401E+00
    4050         23490    15.4250   1.000E+00   0.0476   0.0115   8.597E-18   1.91674750E+00   1.97035078E+00
    4100         23540    14.7198   1.000E+00   0.0470   0.0121   9.227E-18   1.91713061E+00   1.97406937E+00
    4150         23590    14.2215   1.000E+00   0.0471   0.0119   9.189E-18   1.91750766E+00   1.97781164E+00
    4200         23640    15.2928   1.000E+00   0.0470   0.0119   1.191E-17   1.91787724E+00   1.98172614E+00
    4250         23690    14.0182   1.000E+00   0.0476   0.0112   9.639E-18   1.91823998E+00   1.98579708E+00
    4300         23740    14.5218   1.000E+00   0.0487   0.0111   1.091E-17   1.91859768E+00   1.98988060E+00
    4350         23790    13.7192   1.000E+00   0.0487   0.0117   1.275E-17   1.91895220E+00   1.99382539E+00
    4400         23840    12.7401   1.000E+00   0.0476   0.0117   8.587E-18   1.91930526E+00   1.99758120E+00
    4450         23890    13.2245   1.000E+00   0.0484   0.0116   9.549E-18   1.91965853E+00   2.00103616E+00
    4500         23940    12.0377   1.000E+00   0.0493   0.0121   1.267E-17   1.92001374E+00   2.00403345E+00
    4550         23990    11.9851   1.000E+00   0.0489   0.0130   1.059E-17   1.92037194E+00   2.00610615E+00
    4600         24040    13.8628   1.000E+00   0.0497   0.0129   1.351E-17   1.92073361E+00   2.00680465E+00
    4650         24090    19.3143   1.000E+00   0.0500   0.0124   1.149E-17   1.92109877E+00   2.00600588E+00
    4700         24140    14.8485   1.000E+00   0.0506   0.0124   1.033E-17   1.92146692E+00   2.00397173E+00
    4750         24190    15.5246   1.000E+00   0.0512   0.0118   9.193E-18   1.92183764E+00   2.00130853E+00
    4800         24240    12.5827   1.000E+00   0.0508   0.0114   1.039E-17   1.92221064E+00   1.99854091E+00
    4850         24290    13.9715   1.000E+00   0.0523   0.0114   9.444E-18   1.92258630E+00   1.99606318E+00
    4900         24340    15.4045   1.000E+00   0.0493   0.0112   8.960E-18   1.92296513E+00   1.99394659E+00
    4950         24390    16.1219   1.000E+00   0.0519   0.0115   8.383E-18   1.92334687E+00   1.99204106E+00
    5000         24440    14.7759   1.000E+00   0.0490   0.0110   8.914E-18   1.92372995E+00   1.99027371E+00
    5050         24490    14.7125   1.000E+00   0.0496   0.0118   9.753E-18   1.92411139E+00   1.98869396E+00
    5100         24540    14.2503   1.000E+00   0.0488   0.0110   1.098E-17   1.92448765E+00   1.98746663E+00
    5150         24590    16.7333   1.000E+00   0.0511   0.0115   9.795E-18   1.92485546E+00   1.98676574E+00
    5200         24640    17.7151   1.000E+00   0.0501   0.0109   1.048E-17   1.92521282E+00   1.98660341E+00
    5250         24690    15.4939   1.000E+00   0.0504   0.0111   9.472E-18   1.92555953E+00   1.98688778E+00
    5300         24740    18.8551   1.000E+00   0.0498   0.0117   1.063E-17   1.92589683E+00   1.98737519E+00
    5350         24790    16.2756   1.000E+00   0.0485   0.0125   1.158E-17   1.92622677E+00   1.98770328E+00
    5400         24840    14.5865   1.000E+00   0.0484   0.0124   9.012E-18   1.92655203E+00   1.98764413E+00
    5450         24890    14.8370   1.000E+00   0.0469   0.0115   1.003E-17   1.92687583E+00   1.98722083E+00
    5500         24940    17.5982   1.000E+00   0.0481   0.0112   9.874E-18   1.92720185E+00   1.98673134E+00
    5550         24990    15.6219   1.000E+00   0.0465   0.0105   9.729E-18   1.92753399E+00   1.98671131E+00
    5600         25040    17.7507   1.000E+00   0.0485   0.0104   9.845E-18   1.92787613E+00   1.98757378E+00
    5650         25090    17.3150   1.000E+00   0.0477   0.0110   9.517E-18   1.92823182E+00   1.98938463E+00
    5700         25140    17.1039   1.000E+00   0.0472   0.0110   1.057E-17   1.92860359E+00   1.99190192E+00
    5750         25190    13.6580   1.000E+00   0.0474   0.0109   9.865E-18   1.92899271E+00   1.99473679E+00
    5800         25240    20.1640   1.000E+00   0.0479   0.0113   9.724E-18   1.92939945E+00   1.99755308E+00
    5850         25290    17.0039   1.000E+00   0.0485   0.0113   9.950E-18   1.92982301E+00   2.00032761E+00
    5900         25340    13.9548   1.000E+00   0.0475   0.0129   1.068E-17   1.93026153E+00   2.00325431E+00
    5950         25390    14.4962   1.000E+00   0.0475   0.0119   9.418E-18   1.93071209E+00   2.00657781E+00
    6000         25440    18.0165   1.000E+00   0.0489   0.0127   1.124E-17   1.93117110E+00   2.01040864E+00
    6050         25490    14.1922   1.000E+00   0.0500   0.0123   1.093E-17   1.93163494E+00   2.01462078E+00
    6100         25540    14.5960   1.000E+00   0.0516   0.0121   1.131E-17   1.93210103E+00   2.01898111E+00
    6150         25590    17.8002   1.000E+00   0.0536   0.0127   8.919E-18   1.93256791E+00   2.02333304E+00
    6200         25640    23.7437   1.000E+00   0.0557   0.0125   1.216E-17   1.93303506E+00   2.02768149E+00
    6250         25690    13.9810   1.000E+00   0.0566   0.0129   1.006E-17   1.93350246E+00   2.03206869E+00
    6300         25740    15.0950   1.000E+00   0.0592   0.0138   9.826E-18   1.93397037E+00   2.03661445E+00
    6350         25790    14.4150   1.000E+00   0.0592   0.0129   1.154E-17   1.93443942E+00   2.04147318E+00
    6400         25840    15.5480   1.000E+00   0.0582   0.0134   1.054E-17   1.93491151E+00   2.04667917E+00
    6450         25890    14.6144   1.000E+00   0.0567   0.0135   1.055E-17   1.93538889E+00   2.05202908E+00
    6500         25940    15.6014   1.000E+00   0.0545   0.0118   9.491E-18   1.93587278E+00   2.05734543E+00
    6550         25990    15.0568   1.000E+00   0.0533   0.0124   1.482E-17   1.93636358E+00   2.06235368E+00
    6600         26040    15.2428   1.000E+00   0.0504   0.0118   1.706E-17   1.93686134E+00   2.06702707E+00
    6650         26090    14.5639   1.000E+00   0.0509   0.0112   1.109E-17   1.93736699E+00   2.07134483E+00
    6700         26140    15.6130   1.000E+00   0.0515   0.0120   1.037E-17   1.93788309E+00   2.07525924E+00
    6750         26190    16.4471   1.000E+00   0.0495   0.0127   1.116E-17   1.93841401E+00   2.07851603E+00
    6800         26240    14.6155   1.000E+00   0.0507   0.0129   9.689E-18   1.93896502E+00   2.08075302E+00
    6850         26290    14.4807   1.000E+00   0.0518   0.0135   1.467E-17   1.93954099E+00   2.08183675E+00
    6900         26340    15.3814   1.000E+00   0.0534   0.0150   1.498E-17   1.94014536E+00   2.08183721E+00
    6950         26390    16.1595   1.000E+00   0.0526   0.0146   1.015E-17   1.94077865E+00   2.08086197E+00
    7000         26440    16.0072   1.000E+00   0.0529   0.0129   9.975E-18   1.94143758E+00   2.07925289E+00
    7050         26490    14.1515   1.000E+00   0.0529   0.0134   9.552E-18   1.94211641E+00   2.07741978E+00
    7100         26540    13.1479   1.000E+00   0.0516   0.0135   1.076E-17   1.94280878E+00   2.07570922E+00
    7150         26590    13.5139   1.000E+00   0.0516   0.0131   1.072E-17   1.94350856E+00   2.07441152E+00
    7200         26640    13.6106   1.000E+00   0.0497   0.0126   9.346E-18   1.94421032E+00   2.07356438E+00
    7250         26690    14.1407   1.000E+00   0.0501   0.0124   1.007E-17   1.94490914E+00   2.07308931E+00
    7300         26740    18.6603   1.000E+00   0.0493   0.0123   1.130E-17   1.94560017E+00   2.07287388E+00
    7350         26790    21.4771   1.000E+00   0.0509   0.0117   1.084E-17   1.94627920E+00   2.07290871E+00
    7400         26840    23.0364   1.000E+00   0.0527   0.0114   1.149E-17   1.94694285E+00   2.07336966E+00
    7450         26890    23.3860   1.000E+00   0.0555   0.0122   1.064E-17   1.94758864E+00   2.07434232E+00
    7500         26940    17.7015   1.000E+00   0.0549   0.0120   1.029E-17   1.94821515E+00   2.07573625E+00
    7550         26990    21.7010   1.000E+00   0.0538   0.0128   1.050E-17   1.94882205E+00   2.07720763E+00
    7600         27040    17.8326   1.000E+00   0.0529   0.0128   9.812E-18   1.94941041E+00   2.07831430E+00
    7650         27090    18.3336   1.000E+00   0.0524   0.0124   1.104E-17   1.94998220E+00   2.07863021E+00
    7700         27140    23.0492   1.000E+00   0.0518   0.0120   9.477E-18   1.95053936E+00   2.07796043E+00
    7750         27190    19.9616   1.000E+00   0.0530   0.0127   9.404E-18   1.95108300E+00   2.07646592E+00
    7800         27240    21.1049   1.000E+00   0.0543   0.0131   1.101E-17   1.95161258E+00   2.07457879E+00
    7850         27290    22.3389   1.000E+00   0.0558   0.0127   1.587E-17   1.95212618E+00   2.07290479E+00
    7900         27340    23.0514   1.000E+00   0.0572   0.0117   1.279E-17   1.95262047E+00   2.07184775E+00
    7950         27390    18.1123   1.000E+00   0.0576   0.0124   1.068E-17   1.95309158E+00   2.07159395E+00
    8000         27440    16.4738   1.000E+00   0.0561   0.0124   1.164E-17   1.95353574E+00   2.07209944E+00
    8050         27490    16.3094   1.000E+00   0.0562   0.0116   1.142E-17   1.95394963E+00   2.07323213E+00
    8100         27540    20.8875   1.000E+00   0.0546   0.0115   1.088E-17   1.95433174E+00   2.07464456E+00
    8150         27590    15.6588   1.000E+00   0.0520   0.0119   9.039E-18   1.95468374E+00   2.07590242E+00
    8200         27640    13.6406   1.000E+00   0.0506   0.0125   1.209E-17   1.95501102E+00   2.07668541E+00
    8250         27690    13.2558   1.000E+00   0.0508   0.0123   1.293E-17   1.95532180E+00   2.07680682E+00
    8300         27740    12.9564   1.000E+00   0.0500   0.0130   1.177E-17   1.95562569E+00   2.07635653E+00
    8350         27790    14.0723   1.000E+00   0.0493   0.0139   1.025E-17   1.95593226E+00   2.07568292E+00
    8400         27840    14.0031   1.000E+00   0.0487   0.0144   1.133E-17   1.95624979E+00   2.07522480E+00
    8450         27890    14.1434   1.000E+00   0.0468   0.0134   1.119E-17   1.95658432E+00   2.07533839E+00
    8500         27940    18.2497   1.000E+00   0.0476   0.0144   9.482E-18   1.95693964E+00   2.07614440E+00
    8550         27990    15.6639   1.000E+00   0.0503   0.0134   1.122E-17   1.95731757E+00   2.07753837E+00
    8600         28040    14.8687   1.000E+00   0.0518   0.0129   1.094E-17   1.95771882E+00   2.07941567E+00
    8650         28090    13.6082   1.000E+00   0.0539   0.0125   1.008E-17   1.95814386E+00   2.08166121E+00
    8700         28140    14.5560   1.000E+00   0.0543   0.0119   1.035E-17   1.95859284E+00   2.08417482E+00
    8750         28190    13.8233   1.000E+00   0.0546   0.0125   1.033E-17   1.95906556E+00   2.08704285E+00
    8800         28240    14.4330   1.000E+00   0.0549   0.0124   1.131E-17   1.95956116E+00   2.09026585E+00
    8850         28290    14.5228   1.000E+00   0.0549   0.0130   1.013E-17   1.96007833E+00   2.09397286E+00
    8900         28340    15.1864   1.000E+00   0.0538   0.0130   1.139E-17   1.96061553E+00   2.09813773E+00
    8950         28390    17.9638   1.000E+00   0.0534   0.0132   9.484E-18   1.96117046E+00   2.10257695E+00
    9000         28440    14.9497   1.000E+00   0.0536   0.0131   1.065E-17   1.96174034E+00   2.10706430E+00
    9050         28490    13.6344   1.000E+00   0.0516   0.0130   9.543E-18   1.96232279E+00   2.11145946E+00
    9100         28540    13.6964   1.000E+00   0.0525   0.0139   1.212E-17   1.96291635E+00   2.11574020E+00
    9150         28590    13.6620   1.000E+00   0.0525   0.0133   1.128E-17   1.96352082E+00   2.12003794E+00
    9200         28640    13.2225   1.000E+00   0.0520   0.0132   1.062E-17   1.96413669E+00   2.12449489E+00
    9250         28690    13.7667   1.000E+00   0.0519   0.0128   1.150E-17   1.96476481E+00   2.12917936E+00
    9300         28740    13.3068   1.000E+00   0.0518   0.0120   1.097E-17   1.96540608E+00   2.13404669E+00
    9350         28790    13.7980   1.000E+00   0.0531   0.0118   9.705E-18   1.96606105E+00   2.13900175E+00
    9400         28840    14.3487   1.000E+00   0.0537   0.0119   1.138E-17   1.96672919E+00   2.14393844E+00
    9450         28890    14.0529   1.000E+00   0.0573   0.0115   1.074E-17   1.96740895E+00   2.14881626E+00
    9500         28940    13.2742   1.000E+00   0.0583   0.0118   1.019E-17   1.96809776E+00   2.15370187E+00
    9550         28990    12.7050   1.000E+00   0.0600   0.0119   1.218E-17   1.96879262E+00   2.15870620E+00
    9600         29040    13.1483   1.000E+00   0.0590   0.0125   1.177E-17   1.96949078E+00   2.16394957E+00
    9650         29090    13.3167   1.000E+00   0.0604   0.0124   1.055E-17   1.97018959E+00   2.16944594E+00
    9700         29140    15.2358   1.000E+00   0.0578   0.0128   1.002E-17   1.97088736E+00   2.17509425E+00
    9750         29190    15.9421   1.000E+00   0.0585   0.0127   1.144E-17   1.97158371E+00   2.18070940E+00
    9800         29240    16.5473   1.000E+00   0.0567   0.0134   1.185E-17   1.97227980E+00   2.18609223E+00
    9850         29290    16.6436   1.000E+00   0.0561   0.0135   1.068E-17   1.97297841E+00   2.19098710E+00
    9900         29340    16.3593   1.000E+00   0.0537   0.0129   9.988E-18   1.97368339E+00   2.19519756E+00
    9950         29390    15.2901   1.000E+00   0.0535   0.0126   1.187E-17   1.97439958E+00   2.19856429E+00
   10000         29440    14.0918   1.000E+00   0.0543   0.0127   1.153E-17   1.97513215E+00   2.20101706E+00
   10050         29490    13.3849   1.000E+00   0.0575   0.0128   1.094E-17   1.97588555E+00   2.20272219E+00
   10100         29540    13.2463   1.000E+00   0.0599   0.0122   1.260E-17   1.97666278E+00   2.20401974E+00
   10150         29590    13.2145   1.000E+00   0.0599   0.0122   1.144E-17   1.97746433E+00   2.20527009E+00
   10200         29640    12.8695   1.000E+00   0.0624   0.0127   1.318E-17   1.97828892E+00   2.20666173E+00
   10250         29690    12.9273   1.000E+00   0.0599   0.0135   1.228E-17   1.97913389E+00   2.20818866E+00
   10300         29740    13.3725   1.000E+00   0.0591   0.0125   1.050E-17   1.97999560E+00   2.20981636E+00
   10350         29790    13.1644   1.000E+00   0.0583   0.0129   1.090E-17   1.98087012E+00   2.21161692E+00
   10400         29840    13.3395   1.000E+00   0.0578   0.0127   1.135E-17   1.98175447E+00   2.21389868E+00
   10450         29890    13.4597   1.000E+00   0.0584   0.0128   1.141E-17   1.98264712E+00   2.21700132E+00
   10500         29940    13.2643   1.000E+00   0.0570   0.0124   1.248E-17   1.98354778E+00   2.22115710E+00
   10550         29990    13.1707   1.000E+00   0.0596   0.0136   1.033E-17   1.98445622E+00   2.22620786E+00
   10600         30040    13.4759   1.000E+00   0.0608   0.0135   1.190E-17   1.98537140E+00   2.23172051E+00
   10650         30090    13.0184   1.000E+00   0.0642   0.0130   1.576E-17   1.98629059E+00   2.23709049E+00
   10700         30140    13.8930   1.000E+00   0.0636   0.0127   1.106E-17   1.98720975E+00   2.24197093E+00
   10750         30190    15.2888   1.000E+00   0.0641   0.0126   1.214E-17   1.98812435E+00   2.24621175E+00
   10800         30240    13.2985   1.000E+00   0.0645   0.0136   1.582E-17   1.98902980E+00   2.24973535E+00
   10850         30290    13.2662   1.000E+00   0.0658   0.0131   1.393E-17   1.98992200E+00   2.25235295E+00
   10900         30340    13.5297   1.000E+00   0.0648   0.0125   1.230E-17   1.99079829E+00   2.25401782E+00
   10950         30390    13.3794   1.000E+00   0.0628   0.0130   1.080E-17   1.99165748E+00   2.25489738E+00
   11000         30440    13.6954   1.000E+00   0.0632   0.0125   1.095E-17   1.99250055E+00   2.25527627E+00
   11050         30490    13.2954   1.000E+00   0.0640   0.0124   1.027E-17   1.99333108E+00   2.25556835E+00
   11100         30540    13.1641   1.000E+00   0.0662   0.0130   1.231E-17   1.99415546E+00   2.25638741E+00
   11150         30590    13.3049   1.000E+00   0.0657   0.0126   1.169E-17   1.99498150E+00   2.25816481E+00
   11200         30640    13.6423   1.000E+00   0.0640   0.0128   1.161E-17   1.99581660E+00   2.26103547E+00
   11250         30690    13.4140   1.000E+00   0.0651   0.0120   1.064E-17   1.99666577E+00   2.26474371E+00
   11300         30740    13.2667   1.000E+00   0.0628   0.0117   1.302E-17   1.99753087E+00   2.26866520E+00
   11350         30790    13.3448   1.000E+00   0.0614   0.0129   1.009E-17   1.99841017E+00   2.27203647E+00
   11400         30840    13.3030   1.000E+00   0.0604   0.0125   1.212E-17   1.99929957E+00   2.27435149E+00
   11450         30890    13.2569   1.000E+00   0.0595   0.0128   1.049E-17   2.00019427E+00   2.27557988E+00
   11500         30940    13.3924   1.000E+00   0.0621   0.0122   1.165E-17   2.00108989E+00   2.27604508E+00
   11550         30990    12.9139   1.000E+00   0.0636   0.0125   1.260E-17   2.00198240E+00   2.27635192E+00
   11600         31040    13.2810   1.000E+00   0.0643   0.0122   1.288E-17   2.00286733E+00   2.27709566E+00
   11650         31090    13.4018   1.000E+00   0.0660   0.0133   1.263E-17   2.00373821E+00   2.27868541E+00
   11700         31140    13.2834   1.000E+00   0.0654   0.0138   1.448E-17   2.00458652E+00   2.28113446E+00
   11750         31190    13.1863   1.000E+00   0.0645   0.0148   1.835E-17   2.00540245E+00   2.28403878E+00
   11800         31240    13.4759   1.000E+00   0.0636   0.0139   1.264E-17   2.00617607E+00   2.28664177E+00
   11850         31290    13.3371   1.000E+00   0.0625   0.0137   1.106E-17   2.00690042E+00   2.28833339E+00
   11900         31340    13.2685   1.000E+00   0.0648   0.0142   1.377E-17   2.00757394E+00   2.28885633E+00
   11950         31390    13.1720   1.000E+00   0.0632   0.0141   1.017E-17   2.00820123E+00   2.28832544E+00
   12000         31440    13.2382   1.000E+00   0.0648   0.0139   1.348E-17   2.00879147E+00   2.28698500E+00
   12050         31490    13.4617   1.000E+00   0.0648   0.0134   1.086E-17   2.00935577E+00   2.28511041E+00
   12100         31540    13.2789   1.000E+00   0.0628   0.0133   9.914E-18   2.00990508E+00   2.28293656E+00
   12150         31590    13.9297   1.000E+00   0.0599   0.0128   1.531E-17   2.01044805E+00   2.28057118E+00
   12200         31640    13.3472   1.000E+00   0.0580   0.0125   1.338E-17   2.01099088E+00   2.27805284E+00
   12250         31690    12.9335   1.000E+00   0.0567   0.0133   1.035E-17   2.01153795E+00   2.27539626E+00
   12300         31740    13.0785   1.000E+00   0.0567   0.0134   1.052E-17   2.01209233E+00   2.27270590E+00
   12350         31790    12.5824   1.000E+00   0.0548   0.0130   1.112E-17   2.01265571E+00   2.27023108E+00
   12400         31840    12.7488   1.000E+00   0.0550   0.0128   1.036E-17   2.01322805E+00   2.26830348E+00
   12450         31890    12.5171   1.000E+00   0.0548   0.0139   1.131E-17   2.01380754E+00   2.26718806E+00
   12500         31940    12.5665   1.000E+00   0.0549   0.0134   1.361E-17   2.01439007E+00   2.26697922E+00
   12550         31990    12.5164   1.000E+00   0.0554   0.0145   1.034E-17   2.01496983E+00   2.26777884E+00
   12600         32040    12.5118   1.000E+00   0.0570   0.0130   1.195E-17   2.01554090E+00   2.26959793E+00
   12650         32090    12.6327   1.000E+00   0.0578   0.0126   1.071E-17   2.01609893E+00   2.27243947E+00
   12700         32140    12.4607   1.000E+00   0.0578   0.0134   1.049E-17   2.01664322E+00   2.27613355E+00
   12750         32190    12.5834   1.000E+00   0.0593   0.0146   1.106E-17   2.01717734E+00   2.28035411E+00
   12800         32240    12.2328   1.000E+00   0.0581   0.0145   1.087E-17   2.01770877E+00   2.28473900E+00
   12850         32290    12.2032   1.000E+00   0.0609   0.0140   1.203E-17   2.01824753E+00   2.28899447E+00
   12900         32340    12.1119   1.000E+00   0.0581   0.0138   1.114E-17   2.01880478E+00   2.29289893E+00
   12950         32390    11.9883   1.000E+00   0.0584   0.0131   1.010E-17   2.01939139E+00   2.29636157E+00
   12960         32400     2.4078   1.000E+00   0.0586   0.0126   1.140E-17   2.01951312E+00   2.29699681E+00
    ITER          TIME      CPUDT          DT      CFL     DNUM         DIV              MOM              TKE
   13000         32800    13.5147   1.000E+01   0.5871   0.1558   6.048E-17   2.02589524E+00   2.32105951E+00
   13050         33300    21.2595   1.000E+01   0.5901   0.1441   7.806E-17   2.03528704E+00   2.38266041E+00
   13100         33800    21.9103   1.000E+01   0.6103   0.1300   6.984E-17   2.04593001E+00   2.38483907E+00
   13150         34300    22.0272   1.000E+01   0.6150   0.1375   7.525E-17   2.05811737E+00   2.36987456E+00
   13200         34800    21.9224   1.000E+01   0.6122   0.1326   8.356E-17   2.06813641E+00   2.38311240E+00
   13250         35300    22.8726   1.000E+01   0.5623   0.1301   7.874E-17   2.07795919E+00   2.35053984E+00
   13300         35800    22.7980   1.000E+01   0.5660   0.1392   8.331E-17   2.08581720E+00   2.39440007E+00
   13350         36300    22.9043   1.000E+01   0.5646   0.1255   8.173E-17   2.09450259E+00   2.42222281E+00
   13400         36800    22.5994   1.000E+01   0.6178   0.1264   9.489E-17   2.10404223E+00   2.43869457E+00
   13450         37300    24.0149   1.000E+01   0.5794   0.1315   1.079E-16   2.11459411E+00   2.45453069E+00
   13500         37800    22.6104   1.000E+01   0.6423   0.1206   8.421E-17   2.12533964E+00   2.48186093E+00
   13550         38300    22.1989   1.000E+01   0.6176   0.1238   8.153E-17   2.13770650E+00   2.48879546E+00
   13600         38800    21.9338   1.000E+01   0.5929   0.1286   1.051E-16   2.14988826E+00   2.50884452E+00
   13650         39300    21.1908   1.000E+01   0.6250   0.1352   1.071E-16   2.16089414E+00   2.52037014E+00
   13700         39800    22.4026   1.000E+01   0.6335   0.1203   1.067E-16   2.17097812E+00   2.50916087E+00
   13750         40300    21.8539   1.000E+01   0.5844   0.1177   1.092E-16   2.17976889E+00   2.49018422E+00
   13800         40800    20.6414   1.000E+01   0.6052   0.1348   1.103E-16   2.18936041E+00   2.52026372E+00
   13850         41300    21.4685   1.000E+01   0.5837   0.1313   9.392E-17   2.19890722E+00   2.49812454E+00
   13900         41800    19.0732   1.000E+01   0.5593   0.1481   1.190E-16   2.21029214E+00   2.49055528E+00
   13950         42300    17.8130   1.000E+01   0.6579   0.1148   9.438E-17   2.21992096E+00   2.49116237E+00
   14000         42800    17.1769   1.000E+01   0.5626   0.1199   1.036E-16   2.23000753E+00   2.49373825E+00
   14050         43300    16.9845   1.000E+01   0.6161   0.1177   1.114E-16   2.23993515E+00   2.51143362E+00
   14100         43800    15.9208   1.000E+01   0.5895   0.1390   1.213E-16   2.24784134E+00   2.48901289E+00
   14150         44300    15.5530   1.000E+01   0.5506   0.1153   1.117E-16   2.25690348E+00   2.47029020E+00
   14200         44800    15.7678   1.000E+01   0.5988   0.1177   1.196E-16   2.26751618E+00   2.48512726E+00
   14250         45300    14.9131   1.000E+01   0.5004   0.1129   1.067E-16   2.27812852E+00   2.46995858E+00
   14300         45800    15.1366   1.000E+01   0.5668   0.1107   1.008E-16   2.29097294E+00   2.46494156E+00
   14350         46300    14.1081   1.000E+01   0.4831   0.1040   1.058E-16   2.30419121E+00   2.43380321E+00
   14400         46800    12.9378   1.000E+01   0.5585   0.0882   1.094E-16   2.31693958E+00   2.40850944E+00
    ITER          TIME      CPUDT          DT      CFL     DNUM         DIV              MOM              TKE
    1100         11000    10.2221   1.000E+01   0.2243   0.0525   5.606E-18   1.92208807E+00   1.85133512E+00
    1150         11500    14.0250   1.000E+01   0.2433   0.0566   6.857E-18   1.91949410E+00   1.84811254E+00
    1200         12000    14.1312   1.000E+01   0.2550   0.0584   7.348E-18   1.91682359E+00   1.84570454E+00
    1250         12500    16.9065   1.000E+01   0.2512   0.0606   7.568E-18   1.91405227E+00   1.84180867E+00
    ITER          TIME      CPUDT          DT      CFL     DNUM         DIV              MOM              TKE
    ITER          TIME      CPUDT          DT      CFL     DNUM         DIV              MOM              TKE
    ITER          TIME      CPUDT          DT      CFL     DNUM         DIV              MOM              TKE
    ITER          TIME      CPUDT          DT      CFL     DNUM         DIV              MOM              TKE
    ITER          TIME      CPUDT          DT      CFL     DNUM         DIV              MOM              TKE
    1100         11000    57.0130   1.000E+01   0.2243   0.0525   5.606E-18   1.92208807E+00   1.85133512E+00
    ITER          TIME      CPUDT          DT      CFL     DNUM         DIV              MOM              TKE
    ITER          TIME      CPUDT          DT      CFL     DNUM         DIV              MOM              TKE
    1100         11000    10.6424   1.000E+01   0.2243   0.0525   5.606E-18   1.92208807E+00   1.85133512E+00
    ITER          TIME      CPUDT          DT      CFL     DNUM         DIV              MOM              TKE
    1100         11000    11.2831   1.000E+01   0.2243   0.0525   5.606E-18   1.92208807E+00   1.85133512E+00
    1150         11500    15.8672   1.000E+01   0.2433   0.0566   6.857E-18   1.91949410E+00   1.84811254E+00
    ITER          TIME      CPUDT          DT      CFL     DNUM         DIV              MOM              TKE
    1100         11000    10.6129   1.000E+01   0.2243   0.0525   5.606E-18   1.92208807E+00   1.85133512E+00
    1150         11500    16.0424   1.000E+01   0.2433   0.0566   6.857E-18   1.91949410E+00   1.84811254E+00
    1200         12000    15.9496   1.000E+01   0.2550   0.0584   7.348E-18   1.91682359E+00   1.84570454E+00
    1250         12500    17.5194   1.000E+01   0.2512   0.0606   7.568E-18   1.91405227E+00   1.84180867E+00
    1300         13000    18.1415   1.000E+01   0.2773   0.0633   8.097E-18   1.91137636E+00   1.83628273E+00
    1350         13500    17.9605   1.000E+01   0.2717   0.0733   9.611E-18   1.90891667E+00   1.83397981E+00
    1400         14000    16.9230   1.000E+01   0.3207   0.0660   9.148E-18   1.90658036E+00   1.83351514E+00
    ITER          TIME      CPUDT          DT      CFL     DNUM         DIV              MOM              TKE
    1100         11000    13.0250   1.000E+01   0.2243   0.0525   5.606E-18   1.92208807E+00   1.85133512E+00
    1150         11500    20.0662   1.000E+01   0.2433   0.0566   6.857E-18   1.91949410E+00   1.84811254E+00
    1200         12000    20.5568   1.000E+01   0.2550   0.0584   7.348E-18   1.91682359E+00   1.84570454E+00
    1250         12500    20.0874   1.000E+01   0.2512   0.0606   7.568E-18   1.91405227E+00   1.84180867E+00
    1300         13000    21.5530   1.000E+01   0.2773   0.0633   8.097E-18   1.91137636E+00   1.83628273E+00
    1350         13500    21.7720   1.000E+01   0.2717   0.0733   9.611E-18   1.90891667E+00   1.83397981E+00
    1400         14000    21.4835   1.000E+01   0.3207   0.0660   9.148E-18   1.90658036E+00   1.83351514E+00
    ITER          TIME      CPUDT          DT      CFL     DNUM         DIV              MOM              TKE
    1100         11000    11.6269   1.000E+01   0.2243   0.0525   5.606E-18   1.92208807E+00   1.85133512E+00
    1150         11500    15.5068   1.000E+01   0.2433   0.0566   6.857E-18   1.91949410E+00   1.84811254E+00
    1200         12000    15.5516   1.000E+01   0.2550   0.0584   7.348E-18   1.91682359E+00   1.84570454E+00
    1250         12500    17.4006   1.000E+01   0.2512   0.0606   7.568E-18   1.91405227E+00   1.84180867E+00
    1300         13000    21.1644   1.000E+01   0.2773   0.0633   8.097E-18   1.91137636E+00   1.83628273E+00
    1350         13500    22.2526   1.000E+01   0.2717   0.0733   9.611E-18   1.90891667E+00   1.83397981E+00
    1400         14000    44.8712   1.000E+01   0.3207   0.0660   9.148E-18   1.90658036E+00   1.83351514E+00
    ITER          TIME      CPUDT          DT      CFL     DNUM         DIV              MOM              TKE
    1100         11000    11.5804   1.000E+01   0.2243   0.0525   5.606E-18   1.92208807E+00   1.85133512E+00
    1150         11500    16.0583   1.000E+01   0.2433   0.0566   6.857E-18   1.91949410E+00   1.84811254E+00
    1200         12000    15.5472   1.000E+01   0.2550   0.0584   7.348E-18   1.91682359E+00   1.84570454E+00
    1250         12500    17.6536   1.000E+01   0.2512   0.0606   7.568E-18   1.91405227E+00   1.84180867E+00
    1300         13000    18.2763   1.000E+01   0.2773   0.0633   8.097E-18   1.91137636E+00   1.83628273E+00
    1350         13500    17.5477   1.000E+01   0.2717   0.0733   9.611E-18   1.90891667E+00   1.83397981E+00
    1400         14000    20.1654   1.000E+01   0.3207   0.0660   9.148E-18   1.90658036E+00   1.83351514E+00
    ITER          TIME      CPUDT          DT      CFL     DNUM         DIV              MOM              TKE
       0             0     0.0013   1.000E+01   0.1333   0.0194   0.000E+00   2.00000000E+00   2.00000000E+00
      50           500    18.0032   1.000E+01   0.1521   0.0151   4.888E-18   1.99508996E+00   1.99051071E+00
     100          1000    12.1756   1.000E+01   0.1660   0.0159   5.262E-18   1.99087770E+00   1.98276112E+00
     150          1500    12.1496   1.000E+01   0.1773   0.0194   5.151E-18   1.98719280E+00   1.97630651E+00
     200          2000    14.0831   1.000E+01   0.1830   0.0193   5.040E-18   1.98383841E+00   1.96998465E+00
     250          2500    14.6771   1.000E+01   0.1804   0.0182   5.288E-18   1.98068190E+00   1.96299448E+00
     300          3000    12.2119   1.000E+01   0.1783   0.0166   5.043E-18   1.97773332E+00   1.95585376E+00
     350          3500    12.6055   1.000E+01   0.1650   0.0152   4.747E-18   1.97506602E+00   1.94922285E+00
     400          4000    14.0227   1.000E+01   0.1593   0.0146   4.908E-18   1.97181258E+00   1.94190479E+00
     450          4500    14.3080   1.000E+01   0.1567   0.0159   4.863E-18   1.96788422E+00   1.93387889E+00
     500          5000    14.6781   1.000E+01   0.1525   0.0176   4.679E-18   1.96400695E+00   1.92631170E+00
     550          5500    15.9377   1.000E+01   0.1609   0.0195   5.028E-18   1.96033034E+00   1.91940779E+00
     600          6000    15.5166   1.000E+01   0.1665   0.0223   4.924E-18   1.95684076E+00   1.91332725E+00
     650          6500    15.5591   1.000E+01   0.1886   0.0308   5.101E-18   1.95334495E+00   1.90832140E+00
     700          7000    22.7213   1.000E+01   0.1986   0.0364   5.029E-18   1.94946907E+00   1.90342344E+00
     750          7500    13.9670   1.000E+01   0.2076   0.0345   4.850E-18   1.94511801E+00   1.89541021E+00
     800          8000    12.8901   1.000E+01   0.1951   0.0368   5.020E-18   1.94075859E+00   1.88514095E+00
     850          8500    13.4322   1.000E+01   0.1912   0.0394   5.030E-18   1.93682640E+00   1.87695729E+00
     900          9000    12.4207   1.000E+01   0.2051   0.0396   4.810E-18   1.93339866E+00   1.87174425E+00
     950          9500    14.3272   1.000E+01   0.2112   0.0421   6.046E-18   1.93032110E+00   1.86728406E+00
    1000         10000    14.4531   1.000E+01   0.2187   0.0496   6.241E-18   1.92743414E+00   1.86187833E+00
    1050         10500    14.1989   1.000E+01   0.2188   0.0486   5.607E-18   1.92470535E+00   1.85613055E+00
    1080         10800     8.8304   1.000E+01   0.2387   0.0503   5.676E-18   1.92312770E+00   1.85306555E+00
    ITER          TIME      CPUDT          DT      CFL     DNUM         DIV              MOM              TKE
    1100         11000    11.0586   1.000E+01   0.2243   0.0525   5.606E-18   1.92208807E+00   1.85133512E+00
    1150         11500    15.2873   1.000E+01   0.2433   0.0566   6.857E-18   1.91949410E+00   1.84811254E+00
    1200         12000    15.6186   1.000E+01   0.2550   0.0584   7.348E-18   1.91682359E+00   1.84570454E+00
    1250         12500    14.9914   1.000E+01   0.2512   0.0606   7.568E-18   1.91405227E+00   1.84180867E+00
    1300         13000    17.2135   1.000E+01   0.2773   0.0633   8.097E-18   1.91137636E+00   1.83628273E+00
    1350         13500    19.3070   1.000E+01   0.2717   0.0733   9.611E-18   1.90891667E+00   1.83397981E+00
    1400         14000    20.8046   1.000E+01   0.3207   0.0660   9.148E-18   1.90658036E+00   1.83351514E+00
    1450         14500    16.2256   1.000E+01   0.3127   0.0733   1.119E-17   1.90441047E+00   1.83049083E+00
    1500         15000    18.0983   1.000E+01   0.3465   0.0801   1.239E-17   1.90246488E+00   1.82926346E+00
    1550         15500    18.9605   1.000E+01   0.3252   0.0817   1.226E-17   1.90079367E+00   1.83023188E+00
    1600         16000    17.8537   1.000E+01   0.3434   0.0760   1.339E-17   1.89942645E+00   1.82939710E+00
    1650         16500    20.1019   1.000E+01   0.3413   0.0938   1.521E-17   1.89831961E+00   1.83369898E+00
    1700         17000    17.1983   1.000E+01   0.3659   0.0833   1.512E-17   1.89741456E+00   1.83757780E+00
    1750         17500    16.6542   1.000E+01   0.3669   0.0843   1.842E-17   1.89722549E+00   1.83970864E+00
    1800         18000    17.5353   1.000E+01   0.3937   0.0884   1.840E-17   1.89729173E+00   1.84739652E+00
    1850         18500    15.7469   1.000E+01   0.4257   0.0908   2.171E-17   1.89748173E+00   1.85639298E+00
    1900         19000    16.3400   1.000E+01   0.4347   0.0941   2.192E-17   1.89833675E+00   1.86621106E+00
    1950         19500    16.4676   1.000E+01   0.4507   0.0940   2.168E-17   1.90002856E+00   1.87701653E+00
    2000         20000    18.1715   1.000E+01   0.4059   0.1013   2.587E-17   1.90164184E+00   1.89401652E+00
    2050         20500    16.2847   1.000E+01   0.4115   0.1053   2.560E-17   1.90313805E+00   1.88915319E+00
    2100         21000    17.2936   1.000E+01   0.4636   0.1084   3.016E-17   1.90447606E+00   1.90673893E+00
    2150         21500    17.4228   1.000E+01   0.4914   0.1112   3.338E-17   1.90614932E+00   1.92377454E+00
    2160         21600     3.1560   1.000E+01   0.5142   0.1165   2.483E-17   1.90662473E+00   1.93001776E+00
    ITER          TIME      CPUDT          DT      CFL     DNUM         DIV              MOM              TKE
    2200         22000    12.9606   1.000E+01   0.4379   0.1072   2.933E-17   1.90863866E+00   1.93546676E+00
    2250         22500    16.7381   1.000E+01   0.4942   0.1123   2.779E-17   1.91094149E+00   1.94098494E+00
    2300         23000    17.4083   1.000E+01   0.4737   0.1024   3.271E-17   1.91330797E+00   1.94335516E+00
    2350         23500    17.1593   1.000E+01   0.4739   0.1146   3.356E-17   1.91682834E+00   1.97106041E+00
    2400         24000    16.8648   1.000E+01   0.4954   0.1332   4.614E-17   1.92045040E+00   2.00626916E+00
    2450         24500    17.3803   1.000E+01   0.4949   0.1190   4.603E-17   1.92419204E+00   1.98837691E+00
    2500         25000    17.7915   1.000E+01   0.4723   0.1045   3.986E-17   1.92759439E+00   1.98671938E+00
    2550         25500    18.5937   1.000E+01   0.5021   0.1185   4.098E-17   1.93171116E+00   2.01522961E+00
    2600         26000    18.8993   1.000E+01   0.5266   0.1197   4.563E-17   1.93643294E+00   2.06332331E+00
    2650         26500    19.9650   1.000E+01   0.5271   0.1335   4.305E-17   1.94223838E+00   2.07651836E+00
    2700         27000    19.7182   1.000E+01   0.5280   0.1268   5.028E-17   1.94892170E+00   2.07721413E+00
    2750         27500    20.2120   1.000E+01   0.5632   0.1144   5.612E-17   1.95396243E+00   2.07323412E+00
    2800         28000    20.5229   1.000E+01   0.5122   0.1329   5.766E-17   1.95734845E+00   2.07683189E+00
    2850         28500    20.4964   1.000E+01   0.5338   0.1366   4.972E-17   1.96242134E+00   2.10708369E+00
    2900         29000    21.2873   1.000E+01   0.5908   0.1152   5.806E-17   1.96890054E+00   2.15900561E+00
    2950         29500    21.4695   1.000E+01   0.5959   0.1411   5.295E-17   1.97590504E+00   2.21034948E+00
    3000         30000    21.4768   1.000E+01   0.5869   0.1277   5.406E-17   1.98466272E+00   2.22582500E+00
    3050         30500    22.4557   1.000E+01   0.5724   0.1213   7.295E-17   1.99281857E+00   2.27898838E+00
    3100         31000    21.7413   1.000E+01   0.6280   0.1229   6.849E-17   2.00102752E+00   2.30012434E+00
    3150         31500    21.3986   1.000E+01   0.6291   0.1327   7.107E-17   2.00930730E+00   2.31403393E+00
    3200         32000    21.7364   1.000E+01   0.5839   0.1519   6.467E-17   2.01627813E+00   2.28519146E+00
    3240         32400    17.6650   1.000E+01   0.5676   0.1222   7.541E-17   2.02106940E+00   2.27588131E+00
    ITER          TIME      CPUDT          DT      CFL     DNUM         DIV              MOM              TKE
    3250         32500     4.2867   1.000E+01   0.6013   0.1259   7.096E-17   2.02214782E+00   2.28293574E+00
    3300         33000    21.7335   1.000E+01   0.5375   0.1264   6.340E-17   2.02753904E+00   2.33071849E+00
    3350         33500    22.5703   1.000E+01   0.5763   0.1384   6.868E-17   2.03470667E+00   2.37208081E+00
    3400         34000    22.4718   1.000E+01   0.6528   0.1401   6.803E-17   2.04235318E+00   2.38813812E+00
    3450         34500    22.2085   1.000E+01   0.6027   0.1274   9.708E-17   2.05009858E+00   2.36855136E+00
    3500         35000    22.5734   1.000E+01   0.6086   0.1380   7.949E-17   2.05931949E+00   2.38675559E+00
    3550         35500    22.6393   1.000E+01   0.6222   0.1379   8.406E-17   2.06987074E+00   2.38190593E+00
    3600         36000    22.6085   1.000E+01   0.6515   0.1286   8.029E-17   2.07979852E+00   2.35626584E+00
    3650         36500    22.4655   1.000E+01   0.6373   0.1284   7.951E-17   2.09068831E+00   2.36541731E+00
    3700         37000    22.4679   1.000E+01   0.6381   0.1254   8.457E-17   2.10037558E+00   2.41951720E+00
    3750         37500    22.0981   1.000E+01   0.6527   0.1183   9.612E-17   2.10896012E+00   2.45673219E+00
    3800         38000    22.6298   1.000E+01   0.6373   0.1183   7.466E-17   2.11915066E+00   2.44359828E+00
    3850         38500    21.7060   1.000E+01   0.6351   0.1425   1.142E-16   2.13013412E+00   2.47704582E+00
    3900         39000    21.0906   1.000E+01   0.6269   0.1373   1.111E-16   2.14025174E+00   2.52749074E+00
    3950         39500    20.9256   1.000E+01   0.6513   0.1542   1.062E-16   2.15286538E+00   2.60898654E+00
    4000         40000    20.6235   1.000E+01   0.6672   0.1321   1.094E-16   2.16623093E+00   2.65018682E+00
    4050         40500    19.6743   1.000E+01   0.5977   0.1271   1.119E-16   2.17869375E+00   2.57045815E+00
    4100         41000    20.0892   1.000E+01   0.5952   0.1219   1.038E-16   2.19155700E+00   2.52477675E+00
    4150         41500    19.1123   1.000E+01   0.6636   0.1113   1.038E-16   2.20386074E+00   2.53601750E+00
    4200         42000    17.3229   1.000E+01   0.5964   0.1133   1.000E-16   2.21489549E+00   2.55723582E+00
    4250         42500    16.7732   1.000E+01   0.5759   0.1183   9.800E-17   2.22648351E+00   2.55583300E+00
    4300         43000    16.2718   1.000E+01   0.5352   0.1125   9.676E-17   2.23681093E+00   2.54723035E+00
    4350         43500    15.7604   1.000E+01   0.5634   0.1178   1.005E-16   2.24650164E+00   2.55916007E+00
    4400         44000    15.1210   1.000E+01   0.5159   0.1122   1.176E-16   2.25738485E+00   2.53423091E+00
    4450         44500    14.6204   1.000E+01   0.5425   0.1031   1.079E-16   2.26970377E+00   2.52056702E+00
    4500         45000    13.9035   1.000E+01   0.5466   0.1149   1.117E-16   2.28262494E+00   2.53397932E+00
    4550         45500    13.6890   1.000E+01   0.5644   0.1178   1.269E-16   2.29374612E+00   2.54066719E+00
    4600         46000    12.7567   1.000E+01   0.5456   0.1036   1.254E-16   2.30340766E+00   2.50801656E+00
    4650         46500    11.9586   1.000E+01   0.5590   0.0996   1.153E-16   2.31453226E+00   2.48534659E+00
    4680         46800     7.1525   1.000E+01   0.5519   0.1142   1.111E-16   2.32153434E+00   2.47151807E+00
    ITER          TIME      CPUDT          DT      CFL     DNUM         DIV              MOM              TKE
       0             0     0.0015   1.000E+01   0.1333   0.0194   0.000E+00   2.00000000E+00   2.00000000E+00
      50           500    18.9654   1.000E+01   0.1521   0.0151   4.888E-18   1.99508996E+00   1.99051071E+00
     100          1000    12.5666   1.000E+01   0.1660   0.0159   5.262E-18   1.99087770E+00   1.98276112E+00
     150          1500    12.5845   1.000E+01   0.1773   0.0194   5.151E-18   1.98719280E+00   1.97630651E+00
     200          2000    12.7334   1.000E+01   0.1830   0.0193   5.040E-18   1.98383841E+00   1.96998465E+00
     250          2500    11.6476   1.000E+01   0.1804   0.0182   5.288E-18   1.98068190E+00   1.96299448E+00
     300          3000    13.3900   1.000E+01   0.1783   0.0166   5.043E-18   1.97773332E+00   1.95585376E+00
     350          3500    17.1788   1.000E+01   0.1650   0.0152   4.747E-18   1.97506602E+00   1.94922285E+00
     400          4000    19.2141   1.000E+01   0.1593   0.0146   4.908E-18   1.97181258E+00   1.94190479E+00
     450          4500    14.7465   1.000E+01   0.1567   0.0159   4.863E-18   1.96788422E+00   1.93387889E+00
     500          5000    15.6773   1.000E+01   0.1525   0.0176   4.679E-18   1.96400695E+00   1.92631170E+00
     550          5500    18.0155   1.000E+01   0.1609   0.0195   5.028E-18   1.96033034E+00   1.91940779E+00
     600          6000    19.7565   1.000E+01   0.1665   0.0223   4.924E-18   1.95684076E+00   1.91332725E+00
     650          6500    20.2934   1.000E+01   0.1886   0.0308   5.101E-18   1.95334495E+00   1.90832140E+00
     700          7000    19.2814   1.000E+01   0.1986   0.0364   5.029E-18   1.94946907E+00   1.90342344E+00
     750          7500    23.3715   1.000E+01   0.2076   0.0345   4.850E-18   1.94511801E+00   1.89541021E+00
     800          8000    20.9554   1.000E+01   0.1951   0.0368   5.020E-18   1.94075859E+00   1.88514095E+00
     850          8500    18.6257   1.000E+01   0.1912   0.0394   5.030E-18   1.93682640E+00   1.87695729E+00
     900          9000    14.9403   1.000E+01   0.2051   0.0396   4.810E-18   1.93339866E+00   1.87174425E+00
     950          9500    15.2841   1.000E+01   0.2112   0.0421   6.046E-18   1.93032110E+00   1.86728406E+00
    1000         10000    17.6674   1.000E+01   0.2187   0.0496   6.241E-18   1.92743414E+00   1.86187833E+00
    1050         10500    15.5461   1.000E+01   0.2188   0.0486   5.607E-18   1.92470535E+00   1.85613055E+00
    1080         10800     9.2132   1.000E+01   0.2387   0.0503   5.676E-18   1.92312770E+00   1.85306555E+00
    ITER          TIME      CPUDT          DT      CFL     DNUM         DIV              MOM              TKE
       0             0     0.0019   1.000E+01   0.1333   0.0194   0.000E+00   2.00000000E+00   2.00000000E+00
