    ITER          TIME      CPUDT          DT      CFL     DNUM         DIV              MOM              TKE
       0             0     0.0003   2.000E+01   0.6667   0.1143   0.000E+00   5.00000000E+00   1.25000000E+01
      50          1000   676.5428   2.000E+01   0.7240   0.1415   1.061E-17   4.94389124E+00   1.22566573E+01
     100          2000   546.3019   2.000E+01   0.7358   0.1545   1.067E-17   4.90959265E+00   1.21173518E+01
     150          3000   597.2176   2.000E+01   0.7180   0.1622   1.069E-17   4.88179584E+00   1.20059897E+01
     200          4000   594.4885   2.000E+01   0.6913   0.1545   1.067E-17   4.85668108E+00   1.19086340E+01
     250          5000   620.2490   2.000E+01   0.6938   0.1612   1.039E-17   4.83066997E+00   1.18133552E+01
     300          6000   601.7219   2.000E+01   0.6959   0.1761   1.060E-17   4.80462975E+00   1.17200254E+01
     350       6905.23   634.2079   1.610E+01   0.6093   0.2000   1.322E-17   4.77740709E+00   1.16240479E+01
     400       7648.43   672.0190   1.452E+01   0.5908   0.2000   1.466E-17   4.74725679E+00   1.15113630E+01
     450       8388.94   657.3721   1.589E+01   0.7043   0.2000   1.409E-17   4.71709543E+00   1.14042571E+01
     500       9131.78   654.1451   1.396E+01   0.6716   0.2000   1.329E-17   4.69085178E+00   1.13237898E+01
     550       9798.44   647.5934   1.275E+01   0.6249   0.2000   2.047E-17   4.66793346E+00   1.12507337E+01
     600       10452.8   614.9199   1.294E+01   0.6639   0.2000   2.057E-17   4.64505468E+00   1.11757201E+01
     628         10800   372.6438   1.195E+01   0.6357   0.2000   1.222E-17   4.63296352E+00   1.11364779E+01
    ITER          TIME      CPUDT          DT      CFL     DNUM         DIV              MOM              TKE
     650       11072.3   453.3144   1.314E+01   0.6990   0.2000   1.946E-17   4.62352615E+00   1.11056927E+01
     700       11668.6  1069.3035   1.178E+01   0.6443   0.2000   2.502E-17   4.60280119E+00   1.10356024E+01
     750         12240   782.8056   1.126E+01   0.6386   0.2000   2.008E-17   4.58271270E+00   1.09648754E+01
     800       12789.3   731.5300   1.000E+01   0.5854   0.2000   3.032E-17   4.56318837E+00   1.08944270E+01
     850       13331.7   729.3964   1.160E+01   0.6803   0.2000   3.322E-17   4.54361724E+00   1.08215763E+01
     900       13893.1   634.8006   1.161E+01   0.7272   0.2000   3.688E-17   4.52302173E+00   1.07445830E+01
     950       14456.4   645.3300   1.160E+01   0.7373   0.2000   4.211E-17   4.50175943E+00   1.06654552E+01
    1000       14973.5   616.5560   1.021E+01   0.6428   0.2000   4.846E-17   4.48156289E+00   1.05877124E+01
    1050         15490   653.9694   1.051E+01   0.6751   0.2000   4.591E-17   4.46063913E+00   1.05079592E+01
    1100       16020.2   699.9489   1.072E+01   0.7407   0.2000   5.673E-17   4.43875545E+00   1.04282155E+01
    1150       16538.7  3906.0143   1.043E+01   0.7799   0.2000   6.054E-17   4.41702176E+00   1.03489448E+01
    1200       17035.3   825.4656   1.022E+01   0.7555   0.2000   5.973E-17   4.39584827E+00   1.02636981E+01
    1250       17540.3   802.6994   9.559E+00   0.7243   0.2000   5.704E-17   4.37401077E+00   1.01817471E+01
    1300       18030.5   660.5083   9.772E+00   0.7537   0.2000   6.384E-17   4.35240689E+00   1.01047466E+01
    1350         18502   572.6975   9.649E+00   0.7923   0.2000   7.210E-17   4.33150245E+00   1.00265898E+01
    1400       18957.2   589.6910   8.927E+00   0.7492   0.2000   6.816E-17   4.31123888E+00   9.94850438E+00
    1450       19411.7   635.3129   8.869E+00   0.7702   0.2000   7.391E-17   4.29075648E+00   9.87725336E+00
    1500       19853.4   629.7948   8.953E+00   0.7852   0.2000   9.281E-17   4.27060723E+00   9.80325357E+00
    1550         20291   649.5327   8.894E+00   0.7521   0.2000   9.094E-17   4.25054649E+00   9.72694509E+00
    1600       20742.7   691.8555   9.447E+00   0.8558   0.2000   8.294E-17   4.22968748E+00   9.65612841E+00
    1650       21155.1   607.7365   7.353E+00   0.6744   0.2000   8.170E-17   4.21041511E+00   9.59349284E+00
    1700       21570.6   601.5315   8.488E+00   0.7760   0.2000   8.428E-17   4.19089464E+00   9.52592571E+00
    1704         21600    46.4431   8.884E+00   0.8261   0.2000   4.392E-17   4.18952577E+00   9.52103512E+00
    ITER          TIME      CPUDT          DT      CFL     DNUM         DIV              MOM              TKE
    ITER          TIME      CPUDT          DT      CFL     DNUM         DIV              MOM              TKE
    1750       22003.4   829.8730   8.294E+00   0.7557   0.2000   9.521E-17   4.17107549E+00   9.45693659E+00
    1800         22423  2754.0346   8.670E+00   0.8287   0.2000   1.022E-16   4.15198151E+00   9.39147503E+00
    1850       22855.5   904.8786   8.762E+00   0.8234   0.2000   1.052E-16   4.13191908E+00   9.31195650E+00
    1900       23261.3   573.9359   7.564E+00   0.7289   0.2000   8.479E-17   4.11266667E+00   9.25568615E+00
    1950       23654.5   567.6480   7.391E+00   0.7129   0.2000   9.763E-17   4.09350072E+00   9.19327618E+00
    2000       24052.9   565.5097   7.315E+00   0.7134   0.2000   8.820E-17   4.07356361E+00   9.11724820E+00
    2050       24438.3   562.2394   7.687E+00   0.8167   0.2000   9.934E-17   4.05414566E+00   9.05393209E+00
    2100       24834.2   627.4491   5.831E+00   0.6012   0.1495   1.338E-16   4.03406857E+00   8.99234573E+00
    2150       25223.9   688.9660   7.939E+00   0.8271   0.2000   1.356E-16   4.01452400E+00   8.91825455E+00
    2200       25612.6   632.9569   7.343E+00   0.8216   0.2000   1.260E-16   3.99555729E+00   8.84807314E+00
    2250       26004.1   665.5008   7.029E+00   0.7712   0.2000   1.201E-16   3.97686484E+00   8.78799219E+00
    2300       26379.5   711.5889   7.776E+00   0.7838   0.2000   1.609E-16   3.95886920E+00   8.73436007E+00
    2350       26762.3   630.4393   7.487E+00   0.8047   0.2000   1.327E-16   3.94047276E+00   8.67661388E+00
    2400         27149   639.3945   7.650E+00   0.8008   0.2000   1.436E-16   3.92208434E+00   8.62396544E+00
    2450       27516.6   692.8063   7.010E+00   0.7787   0.2000   1.316E-16   3.90437043E+00   8.56544854E+00
    2500       27883.5   684.7197   7.421E+00   0.8007   0.2000   1.321E-16   3.88664575E+00   8.51133883E+00
    2550         28257   669.4690   7.014E+00   0.8026   0.2000   1.512E-16   3.86867559E+00   8.45235211E+00
    2600       28620.9   660.9578   7.424E+00   0.8360   0.2000   1.692E-16   3.85118101E+00   8.38072880E+00
    2650       28989.4   593.9404   7.880E+00   0.9393   0.2000   1.669E-16   3.83377243E+00   8.31039008E+00
    2700       29364.5   565.8042   7.523E+00   0.8444   0.2000   1.795E-16   3.81630847E+00   8.25155514E+00
    2750       29723.9   570.1801   6.932E+00   0.7640   0.2000   1.513E-16   3.79956798E+00   8.21027574E+00
    2800         30098   569.6312   6.764E+00   0.7789   0.2000   1.467E-16   3.78195961E+00   8.15936530E+00
    2850       30443.9   567.5794   7.748E+00   0.8785   0.2000   1.739E-16   3.76545551E+00   8.11767141E+00
    2900       30821.9   567.3722   7.317E+00   0.8396   0.2000   1.868E-16   3.74753409E+00   8.05851414E+00
    2950       31184.8   590.8015   7.624E+00   0.8525   0.2000   1.875E-16   3.73050330E+00   7.99145452E+00
    3000       31558.1   644.3526   7.590E+00   0.8571   0.2000   2.015E-16   3.71347007E+00   7.92832313E+00
    3050       31933.9   646.9179   7.538E+00   0.8975   0.2000   1.714E-16   3.69671780E+00   7.88379513E+00
    3100       32295.6   701.7352   7.689E+00   0.8674   0.2000   2.132E-16   3.68040866E+00   7.83887784E+00
    3115         32400   209.9087   7.361E+00   0.8345   0.2000   3.136E-17   3.67571666E+00   7.82613116E+00
    ITER          TIME      CPUDT          DT      CFL     DNUM         DIV              MOM              TKE
    3150       32661.5   483.4798   7.417E+00   0.9226   0.2000   1.599E-16   3.66391450E+00   7.78739141E+00
    3200       33009.6   660.3206   7.168E+00   0.8131   0.2000   1.774E-16   3.64758750E+00   7.72433425E+00
    3250       33366.2   569.3485   6.467E+00   0.7599   0.2000   1.539E-16   3.63032850E+00   7.66865427E+00
    3300       33720.9   567.2676   7.399E+00   0.8576   0.2000   2.364E-16   3.61341949E+00   7.61536587E+00
    3350       34095.5   568.3793   6.713E+00   0.8207   0.2000   1.726E-16   3.59580153E+00   7.55983907E+00
    3400       34455.4   570.4705   7.546E+00   0.8695   0.2000   2.119E-16   3.57903381E+00   7.49909294E+00
    3450       34793.7   571.7713   7.178E+00   0.8457   0.2000   1.614E-16   3.56345609E+00   7.44405820E+00
    3500       35171.3   567.3413   7.719E+00   0.9165   0.2000   2.564E-16   3.54597075E+00   7.38205641E+00
    3550       35552.9   589.0195   7.297E+00   0.8351   0.2000   2.370E-16   3.52825338E+00   7.31072753E+00
    3600       35906.5   658.7647   6.389E+00   0.7129   0.2000   2.135E-16   3.51205986E+00   7.23096541E+00
    3650       36262.6   698.0532   7.001E+00   0.7915   0.2000   2.186E-16   3.49637788E+00   7.16889140E+00
    3700       36641.9   686.5113   8.173E+00   0.9380   0.2000   3.195E-16   3.48010227E+00   7.13642900E+00
    3750       37015.8   674.0934   7.395E+00   0.8075   0.2000   2.583E-16   3.46382212E+00   7.08878600E+00
    3800       37377.2   653.6865   7.139E+00   0.7873   0.2000   2.603E-16   3.44757475E+00   7.03466766E+00
    3850       37737.4   569.0364   7.428E+00   0.8940   0.2000   3.058E-16   3.43110570E+00   6.96898003E+00
    3900       38106.7   568.7117   7.326E+00   0.8475   0.2000   2.395E-16   3.41399226E+00   6.91560367E+00
    3950       38477.6   567.5078   8.070E+00   0.9146   0.2000   3.017E-16   3.39650035E+00   6.85657232E+00
    4000       38859.3   569.0294   7.828E+00   0.8319   0.2000   2.789E-16   3.37953471E+00   6.79318379E+00
    4050       39225.7   573.4630   7.098E+00   0.7514   0.2000   2.564E-16   3.36426220E+00   6.72252803E+00
    4100       39586.9   571.7634   8.162E+00   0.8783   0.2000   2.659E-16   3.34926836E+00   6.66210527E+00
    4150       39976.3   619.2039   8.135E+00   0.9303   0.2000   3.016E-16   3.33239386E+00   6.61327457E+00
    4200       40357.9   716.8841   7.999E+00   0.9096   0.2000   2.664E-16   3.31643598E+00   6.56101089E+00
    4250       40732.5 10733.2750   7.364E+00   0.8566   0.2000   2.711E-16   3.30124723E+00   6.50531099E+00
    4300       41125.6   589.7087   7.714E+00   0.8661   0.2000   2.974E-16   3.28543982E+00   6.45104234E+00
    4350       41513.4   593.6218   8.362E+00   0.9004   0.2000   3.762E-16   3.26974894E+00   6.38587323E+00
    4400         41900  8467.0376   7.649E+00   0.7972   0.2000   2.737E-16   3.25413186E+00   6.30505179E+00
    4450       42313.9  2847.7979   8.481E+00   0.9213   0.2000   3.908E-16   3.23787449E+00   6.23435068E+00
    4500       42717.7   618.7625   8.558E+00   0.9158   0.2000   3.190E-16   3.22251394E+00   6.16497748E+00
    4550       43128.5  1048.3468   8.515E+00   0.8988   0.2000   3.450E-16   3.20727764E+00   6.08728657E+00
    4559         43200   124.5296   8.538E+00   0.8767   0.2000   9.286E-17   3.20460684E+00   6.07592243E+00
